<?xml version="1.0" encoding="UTF-8"?>
<!-- Generated by org.testng.reporters.JUnitXMLReporter -->
<testsuite ignored="3" hostname="SAIs-MacBook-Air.local" failures="0" tests="1" name="Test" time="15.186" errors="0" timestamp="2023-07-23T23:47:50 IST">
  <testcase classname="com.tutorialsninja.qa.testcases.LoginTest" name="verifyWithInvalidCredentials" time="3.515"/>
  <testcase classname="com.tutorialsninja.qa.testcases.LoginTest" name="verifyWithValidMailAndInvalidPassword" time="0.0">
    <ignored/>
  </testcase> <!-- verifyWithValidMailAndInvalidPassword -->
  <testcase classname="com.tutorialsninja.qa.testcases.LoginTest" name="verifyWithInvalidMailAndValidPassword" time="0.0">
    <ignored/>
  </testcase> <!-- verifyWithInvalidMailAndValidPassword -->
  <testcase classname="com.tutorialsninja.qa.testcases.LoginTest" name="verifyWithValidCredentails" time="0.0">
    <ignored/>
  </testcase> <!-- verifyWithValidCredentails -->
</testsuite> <!-- Test -->
