<?xml version="1.0" encoding="UTF-8"?>
<!-- Generated by org.testng.reporters.JUnitXMLReporter -->
<testsuite ignored="3" hostname="SAIs-MacBook-Air.local" failures="1" tests="6" name="Surefire test" time="79.792" errors="0" timestamp="2023-07-23T23:42:36 IST">
  <testcase classname="com.tutorialsninja.qa.testcases.SearchTest" name="searchForValidProduct" time="3.318"/>
  <testcase classname="com.tutorialsninja.qa.testcases.SearchTest" name="searchForInvalidProduct" time="3.062"/>
  <testcase classname="com.tutorialsninja.qa.testcases.SearchTest" name="searchWithEnteringAnything" time="2.894"/>
  <testcase classname="com.tutorialsninja.qa.testcases.LoginTest" name="verifyWithInvalidCredentials" time="3.468">
    <failure type="java.lang.AssertionError" message="expected:&amp;lt;WWarning: No match for E-Mail Address and/or Password.&amp;gt; but was:&amp;lt;Warning: No match for E-Mail Address and/or Password.&amp;gt;">
      <![CDATA[java.lang.AssertionError: expected:<WWarning: No match for E-Mail Address and/or Password.> but was:<Warning: No match for E-Mail Address and/or Password.>
at com.tutorialsninja.qa.testcases.LoginTest.verifyWithInvalidCredentials(LoginTest.java:102)
at java.base/java.util.ArrayList.forEach(ArrayList.java:1511)
... Removed 34 stack frames]]>
    </failure>
  </testcase> <!-- verifyWithInvalidCredentials -->
  <testcase classname="com.tutorialsninja.qa.testcases.RegisterTest" name="validateRegister" time="6.282"/>
  <testcase classname="com.tutorialsninja.qa.testcases.RegisterTest" name="validateWithAlreadyRegisteredMail" time="5.825"/>
  <testcase classname="com.tutorialsninja.qa.testcases.LoginTest" name="verifyWithValidCredentails" time="0.0">
    <ignored/>
  </testcase> <!-- verifyWithValidCredentails -->
  <testcase classname="com.tutorialsninja.qa.testcases.LoginTest" name="verifyWithInvalidMailAndValidPassword" time="0.0">
    <ignored/>
  </testcase> <!-- verifyWithInvalidMailAndValidPassword -->
  <testcase classname="com.tutorialsninja.qa.testcases.LoginTest" name="verifyWithValidMailAndInvalidPassword" time="0.0">
    <ignored/>
  </testcase> <!-- verifyWithValidMailAndInvalidPassword -->
</testsuite> <!-- Surefire test -->
