<?xml version="1.0" encoding="UTF-8"?>
<testng-results ignored="3" total="4" passed="1" failed="0" skipped="0">
  <reporter-output>
  </reporter-output>
  <suite started-at="2023-07-23T23:47:34 IST" name="Suite" finished-at="2023-07-23T23:47:50 IST" duration-ms="15186">
    <groups>
    </groups>
    <test started-at="2023-07-23T23:47:34 IST" name="Test" finished-at="2023-07-23T23:47:50 IST" duration-ms="15186">
      <class name="com.tutorialsninja.qa.testcases.LoginTest">
        <test-method is-config="true" signature="setup()[pri:0, instance:com.tutorialsninja.qa.testcases.LoginTest@30c93896]" started-at="2023-07-23T23:47:34 IST" name="setup" finished-at="2023-07-23T23:47:46 IST" duration-ms="11613" status="PASS">
          <reporter-output>
          </reporter-output>
        </test-method> <!-- setup -->
        <test-method signature="verifyWithInvalidCredentials()[pri:2, instance:com.tutorialsninja.qa.testcases.LoginTest@30c93896]" started-at="2023-07-23T23:47:46 IST" name="verifyWithInvalidCredentials" finished-at="2023-07-23T23:47:49 IST" duration-ms="3515" status="PASS">
          <reporter-output>
          </reporter-output>
        </test-method> <!-- verifyWithInvalidCredentials -->
        <test-method is-config="true" signature="tearDown()[pri:0, instance:com.tutorialsninja.qa.testcases.LoginTest@30c93896]" started-at="2023-07-23T23:47:49 IST" name="tearDown" finished-at="2023-07-23T23:47:50 IST" duration-ms="1" status="PASS">
          <reporter-output>
          </reporter-output>
        </test-method> <!-- tearDown -->
      </class> <!-- com.tutorialsninja.qa.testcases.LoginTest -->
    </test> <!-- Test -->
  </suite> <!-- Suite -->
</testng-results>
